[2022-05-05 08:04:35] [info] Start Program:
Path:"F:\faculta sem 2\OOP\Lab 9\Magazin\x64\Debug\Magazin.exe"
Arguments:
Working directory: "F:\faculta sem 2\OOP\Lab 9\Magazin\Magazin\"
Modules: Selected: F:\faculta sem 2\OOP\Lab 9\Magazin\x64\Debug\Magazin.exe Excluded: 
Sources: Selected: F:\faculta sem 2\OOP\Lab 9\Magazin\Magazin Excluded: 
Log Level: Normal
Cover Children: 0
Aggregate by file: 1
Continue after C++ exception: 0
Optimized build support: 0
Export: Binary C:\Users\nedel\AppData\Local\Temp\3efvtqh4.cak 
Input coverage: 
Unified diff: 
Excluded line regular expressions: 
Substitute pdb source paths: 

[2022-05-05 08:04:35] [info] Module: F:\faculta sem 2\OOP\Lab 9\Magazin\x64\Debug\Magazin.exe is selected because it matches selected pattern: F:\faculta sem 2\OOP\Lab 9\Magazin\x64\Debug\Magazin.exe
[2022-05-05 08:04:38] [info] ----------------------------------------------------
[2022-05-05 08:04:38] [info] Coverage binary generated in file: C:\Users\nedel\AppData\Local\Temp\3efvtqh4.cak
[2022-05-05 08:04:38] [info] ----------------------------------------------------
